<?xml version="1.0" encoding="UTF-8"?>
<testng-results skipped="0" failed="4" total="11" passed="7">
  <reporter-output>
  </reporter-output>
  <suite name="Android" duration-ms="4415484" started-at="2020-10-07T08:17:44Z" finished-at="2020-10-07T09:31:19Z">
    <groups>
    </groups>
    <test name="Android_LandingScreen_TopNavigation" duration-ms="4415484" started-at="2020-10-07T08:17:44Z" finished-at="2020-10-07T09:31:19Z">
      <class name="com.zee5.ApplicasterScripts.Android_LandingScreen_TopNavigation">
        <test-method status="PASS" signature="AppLaunch()[pri:0, instance:com.zee5.ApplicasterScripts.Android_LandingScreen_TopNavigation@2f4948e4]" name="AppLaunch" is-config="true" duration-ms="34596" started-at="2020-10-07T13:47:51Z" finished-at="2020-10-07T13:48:25Z">
          <reporter-output>
          </reporter-output>
        </test-method> <!-- AppLaunch -->
        <test-method status="PASS" signature="Login(java.lang.String)[pri:0, instance:com.zee5.ApplicasterScripts.Android_LandingScreen_TopNavigation@2f4948e4]" name="Login" duration-ms="26896" started-at="2020-10-07T13:48:25Z" finished-at="2020-10-07T13:48:52Z">
          <params>
            <param index="0">
              <value>
                <![CDATA[NonSubscribedUser]]>
              </value>
            </param>
          </params>
          <reporter-output>
          </reporter-output>
        </test-method> <!-- Login -->
        <test-method status="PASS" signature="Home_LandingScreen(java.lang.String, java.lang.String)[pri:1, instance:com.zee5.ApplicasterScripts.Android_LandingScreen_TopNavigation@2f4948e4]" name="Home_LandingScreen" duration-ms="623660" started-at="2020-10-07T13:48:52Z" finished-at="2020-10-07T13:59:16Z">
          <params>
            <param index="0">
              <value>
                <![CDATA[NonSubscribedUser]]>
              </value>
            </param>
            <param index="1">
              <value>
                <![CDATA[Home]]>
              </value>
            </param>
          </params>
          <reporter-output>
          </reporter-output>
        </test-method> <!-- Home_LandingScreen -->
        <test-method status="PASS" signature="Shows_LandinScreen(java.lang.String)[pri:2, instance:com.zee5.ApplicasterScripts.Android_LandingScreen_TopNavigation@2f4948e4]" name="Shows_LandinScreen" duration-ms="825085" started-at="2020-10-07T13:59:16Z" finished-at="2020-10-07T14:13:02Z">
          <params>
            <param index="0">
              <value>
                <![CDATA[NonSubscribedUser]]>
              </value>
            </param>
          </params>
          <reporter-output>
          </reporter-output>
        </test-method> <!-- Shows_LandinScreen -->
        <test-method status="PASS" signature="Movies_LandingScreen(java.lang.String, java.lang.String)[pri:3, instance:com.zee5.ApplicasterScripts.Android_LandingScreen_TopNavigation@2f4948e4]" name="Movies_LandingScreen" duration-ms="308336" started-at="2020-10-07T14:13:02Z" finished-at="2020-10-07T14:18:10Z">
          <params>
            <param index="0">
              <value>
                <![CDATA[NonSubscribedUser]]>
              </value>
            </param>
            <param index="1">
              <value>
                <![CDATA[Movies]]>
              </value>
            </param>
          </params>
          <reporter-output>
          </reporter-output>
        </test-method> <!-- Movies_LandingScreen -->
        <test-method status="PASS" signature="Premium_LandingScreen(java.lang.String)[pri:4, instance:com.zee5.ApplicasterScripts.Android_LandingScreen_TopNavigation@2f4948e4]" name="Premium_LandingScreen" duration-ms="223788" started-at="2020-10-07T14:18:11Z" finished-at="2020-10-07T14:21:55Z">
          <params>
            <param index="0">
              <value>
                <![CDATA[NonSubscribedUser]]>
              </value>
            </param>
          </params>
          <reporter-output>
          </reporter-output>
        </test-method> <!-- Premium_LandingScreen -->
        <test-method status="PASS" signature="News_LandingScreen(java.lang.String)[pri:5, instance:com.zee5.ApplicasterScripts.Android_LandingScreen_TopNavigation@2f4948e4]" name="News_LandingScreen" duration-ms="764787" started-at="2020-10-07T14:21:55Z" finished-at="2020-10-07T14:34:40Z">
          <params>
            <param index="0">
              <value>
                <![CDATA[NonSubscribedUser]]>
              </value>
            </param>
          </params>
          <reporter-output>
          </reporter-output>
        </test-method> <!-- News_LandingScreen -->
        <test-method status="PASS" signature="Kids_LandingScreen(java.lang.String)[pri:6, instance:com.zee5.ApplicasterScripts.Android_LandingScreen_TopNavigation@2f4948e4]" name="Kids_LandingScreen" duration-ms="1057417" started-at="2020-10-07T14:34:41Z" finished-at="2020-10-07T14:52:18Z">
          <params>
            <param index="0">
              <value>
                <![CDATA[NonSubscribedUser]]>
              </value>
            </param>
          </params>
          <reporter-output>
          </reporter-output>
        </test-method> <!-- Kids_LandingScreen -->
        <test-method status="FAIL" signature="Music_LandingScreen(java.lang.String)[pri:7, instance:com.zee5.ApplicasterScripts.Android_LandingScreen_TopNavigation@2f4948e4]" name="Music_LandingScreen" duration-ms="76305" started-at="2020-10-07T14:52:20Z" finished-at="2020-10-07T14:53:36Z">
          <params>
            <param index="0">
              <value>
                <![CDATA[NonSubscribedUser]]>
              </value>
            </param>
          </params>
          <exception class="org.openqa.selenium.TimeoutException">
            <message>
              <![CDATA[Expected condition failed: waiting for presence of element located by: By.xpath: //*[@resource-id='com.graymatrix.did:id/title' and @selected='true'] (tried for 30 second(s) with 500 milliseconds interval)]]>
            </message>
            <full-stacktrace>
              <![CDATA[org.openqa.selenium.TimeoutException: Expected condition failed: waiting for presence of element located by: By.xpath: //*[@resource-id='com.graymatrix.did:id/title' and @selected='true'] (tried for 30 second(s) with 500 milliseconds interval)
	at org.openqa.selenium.support.ui.WebDriverWait.timeoutException(WebDriverWait.java:95)
	at org.openqa.selenium.support.ui.FluentWait.until(FluentWait.java:272)
	at com.utility.Utilities.findElement(Utilities.java:134)
	at com.utility.Utilities.getText(Utilities.java:359)
	at com.business.zee.Zee5ApplicasterBusinessLogic.MusicLandingScreen(Zee5ApplicasterBusinessLogic.java:6707)
	at com.zee5.ApplicasterScripts.Android_LandingScreen_TopNavigation.Music_LandingScreen(Android_LandingScreen_TopNavigation.java:82)
	at sun.reflect.NativeMethodAccessorImpl.invoke0(Native Method)
	at sun.reflect.NativeMethodAccessorImpl.invoke(NativeMethodAccessorImpl.java:62)
	at sun.reflect.DelegatingMethodAccessorImpl.invoke(DelegatingMethodAccessorImpl.java:43)
	at java.lang.reflect.Method.invoke(Method.java:497)
	at org.testng.internal.MethodInvocationHelper.invokeMethod(MethodInvocationHelper.java:86)
	at org.testng.internal.Invoker.invokeMethod(Invoker.java:643)
	at org.testng.internal.Invoker.invokeTestMethod(Invoker.java:820)
	at org.testng.internal.Invoker.invokeTestMethods(Invoker.java:1128)
	at org.testng.internal.TestMethodWorker.invokeTestMethods(TestMethodWorker.java:129)
	at org.testng.internal.TestMethodWorker.run(TestMethodWorker.java:112)
	at org.testng.TestRunner.privateRun(TestRunner.java:782)
	at org.testng.TestRunner.run(TestRunner.java:632)
	at org.testng.SuiteRunner.runTest(SuiteRunner.java:366)
	at org.testng.SuiteRunner.runSequentially(SuiteRunner.java:361)
	at org.testng.SuiteRunner.privateRun(SuiteRunner.java:319)
	at org.testng.SuiteRunner.run(SuiteRunner.java:268)
	at org.testng.SuiteRunnerWorker.runSuite(SuiteRunnerWorker.java:52)
	at org.testng.SuiteRunnerWorker.run(SuiteRunnerWorker.java:86)
	at org.testng.TestNG.runSuitesSequentially(TestNG.java:1244)
	at org.testng.TestNG.runSuitesLocally(TestNG.java:1169)
	at org.testng.TestNG.run(TestNG.java:1064)
	at org.testng.remote.AbstractRemoteTestNG.run(AbstractRemoteTestNG.java:115)
	at org.testng.remote.RemoteTestNG.initAndRun(RemoteTestNG.java:251)
	at org.testng.remote.RemoteTestNG.main(RemoteTestNG.java:77)
Caused by: org.openqa.selenium.NoSuchElementException: no such element (An element could not be located on the page using the given search parameters (XPATH='//*[@resource-id='com.graymatrix.did:id/title' and @selected='true']'))  (WARNING: The server did not provide any stacktrace information)
Command duration or timeout: 0 milliseconds
For documentation on this error, please visit: https://www.seleniumhq.org/exceptions/no_such_element.html
Build info: version: '3.141.59', revision: 'e82be7d358', time: '2018-11-14T08:17:03'
System info: host: 'LAPTOP-L251IQDV', ip: '192.168.1.5', os.name: 'Windows 8.1', os.arch: 'amd64', os.version: '6.3', java.version: '1.8.0_45'
Driver info: io.appium.java_client.android.AndroidDriver
Capabilities {appActivity: com.applicaster.componentsa..., appBuildVersion: , appPackage: com.graymatrix.did, appReleaseVersion: , appiumVersion: 1.8.0, autoAcceptAlerts: true, autoDismissAlerts: false, autoGrantPermissions: false, autoWebview: false, automationName: uiautomator2, commandTimeouts: 120000, desired: {appActivity: com.applicaster.componentsa..., appPackage: com.graymatrix.did, autoAcceptAlerts: true, automationName: uiautomator2, deviceName: Android, fullReset: false, newCommandTimeout: 300, platformName: Android}, device.category: PHONE, device.majorVersion: 7, device.manufacture: Sony, device.model: F3116, device.name: sony-f3116-RQ30034UW3, device.os: Android, device.screenSize: 720x1280, device.serialNumber: RQ30034UW3, device.version: 7.0, deviceName: Android, deviceUDID: RQ30034UW3, dontGoHomeOnQuit: false, dontStopAppOnReset: false, fullReset: false, install.only.for.update: false, instrumentApp: false, javascriptEnabled: true, keystorePath: ~/.android/debug.keystore, locationServicesAuthorized: false, newCommandTimeout: 300, newSessionWaitTimeout: 600, noReset: false, platform: ANDROID, platformName: Android, projectName: , reportDirectory: reports, reportFormat: xml, reportUrl: C:\Users\Aakarsh Yadav\appi..., reservationDuration: 240, takeScreenshots: true, test.type: Mobile, testName: mobile test 10/07/20 02:22 PM, udid: RQ30034UW3, useKeystore: false, waitForDeviceTimeout: 120000}
Session ID: 8a1df1d6-5611-4352-bb33-7bb003d1225a
*** Element info: {Using=xpath, value=//*[@resource-id='com.graymatrix.did:id/title' and @selected='true']}
	at sun.reflect.GeneratedConstructorAccessor49.newInstance(Unknown Source)
	at sun.reflect.DelegatingConstructorAccessorImpl.newInstance(DelegatingConstructorAccessorImpl.java:45)
	at java.lang.reflect.Constructor.newInstance(Constructor.java:422)
	at org.openqa.selenium.remote.ErrorHandler.createThrowable(ErrorHandler.java:214)
	at org.openqa.selenium.remote.ErrorHandler.throwIfResponseFailed(ErrorHandler.java:166)
	at org.openqa.selenium.remote.http.JsonHttpResponseCodec.reconstructValue(JsonHttpResponseCodec.java:40)
	at org.openqa.selenium.remote.http.AbstractHttpResponseCodec.decode(AbstractHttpResponseCodec.java:80)
	at org.openqa.selenium.remote.http.AbstractHttpResponseCodec.decode(AbstractHttpResponseCodec.java:44)
	at org.openqa.selenium.remote.HttpCommandExecutor.execute(HttpCommandExecutor.java:158)
	at io.appium.java_client.remote.AppiumCommandExecutor.execute(AppiumCommandExecutor.java:239)
	at org.openqa.selenium.remote.RemoteWebDriver.execute(RemoteWebDriver.java:552)
	at io.appium.java_client.DefaultGenericMobileDriver.execute(DefaultGenericMobileDriver.java:41)
	at io.appium.java_client.AppiumDriver.execute(AppiumDriver.java:1)
	at io.appium.java_client.android.AndroidDriver.execute(AndroidDriver.java:1)
	at org.openqa.selenium.remote.RemoteWebDriver.findElement(RemoteWebDriver.java:323)
	at io.appium.java_client.DefaultGenericMobileDriver.findElement(DefaultGenericMobileDriver.java:61)
	at io.appium.java_client.AppiumDriver.findElement(AppiumDriver.java:1)
	at io.appium.java_client.android.AndroidDriver.findElement(AndroidDriver.java:1)
	at org.openqa.selenium.remote.RemoteWebDriver.findElementByXPath(RemoteWebDriver.java:428)
	at io.appium.java_client.DefaultGenericMobileDriver.findElementByXPath(DefaultGenericMobileDriver.java:151)
	at io.appium.java_client.AppiumDriver.findElementByXPath(AppiumDriver.java:1)
	at io.appium.java_client.android.AndroidDriver.findElementByXPath(AndroidDriver.java:1)
	at org.openqa.selenium.By$ByXPath.findElement(By.java:353)
	at org.openqa.selenium.remote.RemoteWebDriver.findElement(RemoteWebDriver.java:315)
	at io.appium.java_client.DefaultGenericMobileDriver.findElement(DefaultGenericMobileDriver.java:57)
	at io.appium.java_client.AppiumDriver.findElement(AppiumDriver.java:1)
	at io.appium.java_client.android.AndroidDriver.findElement(AndroidDriver.java:1)
	at org.openqa.selenium.support.ui.ExpectedConditions$6.apply(ExpectedConditions.java:182)
	at org.openqa.selenium.support.ui.ExpectedConditions$6.apply(ExpectedConditions.java:179)
	at org.openqa.selenium.support.ui.FluentWait.until(FluentWait.java:249)
	... 28 more
]]>
            </full-stacktrace>
          </exception> <!-- org.openqa.selenium.TimeoutException -->
          <reporter-output>
          </reporter-output>
        </test-method> <!-- Music_LandingScreen -->
        <test-method status="FAIL" signature="LiveTV_landingScreen(java.lang.String, java.lang.String)[pri:8, instance:com.zee5.ApplicasterScripts.Android_LandingScreen_TopNavigation@2f4948e4]" name="LiveTV_landingScreen" duration-ms="260237" started-at="2020-10-07T14:53:36Z" finished-at="2020-10-07T14:57:57Z">
          <params>
            <param index="0">
              <value>
                <![CDATA[NonSubscribedUser]]>
              </value>
            </param>
            <param index="1">
              <value>
                <![CDATA[Live TV]]>
              </value>
            </param>
          </params>
          <exception class="org.openqa.selenium.TimeoutException">
            <message>
              <![CDATA[Expected condition failed: waiting for presence of element located by: By.xpath: //*[@resource-id='com.graymatrix.did:id/title' and @text='Channel Guide'] (tried for 30 second(s) with 500 milliseconds interval)]]>
            </message>
            <full-stacktrace>
              <![CDATA[org.openqa.selenium.TimeoutException: Expected condition failed: waiting for presence of element located by: By.xpath: //*[@resource-id='com.graymatrix.did:id/title' and @text='Channel Guide'] (tried for 30 second(s) with 500 milliseconds interval)
	at org.openqa.selenium.support.ui.WebDriverWait.timeoutException(WebDriverWait.java:95)
	at org.openqa.selenium.support.ui.FluentWait.until(FluentWait.java:272)
	at com.utility.Utilities.findElement(Utilities.java:134)
	at com.business.zee.Zee5ApplicasterBusinessLogic.LiveTV(Zee5ApplicasterBusinessLogic.java:6561)
	at com.zee5.ApplicasterScripts.Android_LandingScreen_TopNavigation.LiveTV_landingScreen(Android_LandingScreen_TopNavigation.java:91)
	at sun.reflect.NativeMethodAccessorImpl.invoke0(Native Method)
	at sun.reflect.NativeMethodAccessorImpl.invoke(NativeMethodAccessorImpl.java:62)
	at sun.reflect.DelegatingMethodAccessorImpl.invoke(DelegatingMethodAccessorImpl.java:43)
	at java.lang.reflect.Method.invoke(Method.java:497)
	at org.testng.internal.MethodInvocationHelper.invokeMethod(MethodInvocationHelper.java:86)
	at org.testng.internal.Invoker.invokeMethod(Invoker.java:643)
	at org.testng.internal.Invoker.invokeTestMethod(Invoker.java:820)
	at org.testng.internal.Invoker.invokeTestMethods(Invoker.java:1128)
	at org.testng.internal.TestMethodWorker.invokeTestMethods(TestMethodWorker.java:129)
	at org.testng.internal.TestMethodWorker.run(TestMethodWorker.java:112)
	at org.testng.TestRunner.privateRun(TestRunner.java:782)
	at org.testng.TestRunner.run(TestRunner.java:632)
	at org.testng.SuiteRunner.runTest(SuiteRunner.java:366)
	at org.testng.SuiteRunner.runSequentially(SuiteRunner.java:361)
	at org.testng.SuiteRunner.privateRun(SuiteRunner.java:319)
	at org.testng.SuiteRunner.run(SuiteRunner.java:268)
	at org.testng.SuiteRunnerWorker.runSuite(SuiteRunnerWorker.java:52)
	at org.testng.SuiteRunnerWorker.run(SuiteRunnerWorker.java:86)
	at org.testng.TestNG.runSuitesSequentially(TestNG.java:1244)
	at org.testng.TestNG.runSuitesLocally(TestNG.java:1169)
	at org.testng.TestNG.run(TestNG.java:1064)
	at org.testng.remote.AbstractRemoteTestNG.run(AbstractRemoteTestNG.java:115)
	at org.testng.remote.RemoteTestNG.initAndRun(RemoteTestNG.java:251)
	at org.testng.remote.RemoteTestNG.main(RemoteTestNG.java:77)
Caused by: org.openqa.selenium.NoSuchElementException: no such element (An element could not be located on the page using the given search parameters (XPATH='//*[@resource-id='com.graymatrix.did:id/title' and @text='Channel Guide']'))  (WARNING: The server did not provide any stacktrace information)
Command duration or timeout: 0 milliseconds
For documentation on this error, please visit: https://www.seleniumhq.org/exceptions/no_such_element.html
Build info: version: '3.141.59', revision: 'e82be7d358', time: '2018-11-14T08:17:03'
System info: host: 'LAPTOP-L251IQDV', ip: '192.168.1.5', os.name: 'Windows 8.1', os.arch: 'amd64', os.version: '6.3', java.version: '1.8.0_45'
Driver info: io.appium.java_client.android.AndroidDriver
Capabilities {appActivity: com.applicaster.componentsa..., appBuildVersion: , appPackage: com.graymatrix.did, appReleaseVersion: , appiumVersion: 1.8.0, autoAcceptAlerts: true, autoDismissAlerts: false, autoGrantPermissions: false, autoWebview: false, automationName: uiautomator2, commandTimeouts: 120000, desired: {appActivity: com.applicaster.componentsa..., appPackage: com.graymatrix.did, autoAcceptAlerts: true, automationName: uiautomator2, deviceName: Android, fullReset: false, newCommandTimeout: 300, platformName: Android}, device.category: PHONE, device.majorVersion: 7, device.manufacture: Sony, device.model: F3116, device.name: sony-f3116-RQ30034UW3, device.os: Android, device.screenSize: 720x1280, device.serialNumber: RQ30034UW3, device.version: 7.0, deviceName: Android, deviceUDID: RQ30034UW3, dontGoHomeOnQuit: false, dontStopAppOnReset: false, fullReset: false, install.only.for.update: false, instrumentApp: false, javascriptEnabled: true, keystorePath: ~/.android/debug.keystore, locationServicesAuthorized: false, newCommandTimeout: 300, newSessionWaitTimeout: 600, noReset: false, platform: ANDROID, platformName: Android, projectName: , reportDirectory: reports, reportFormat: xml, reportUrl: C:\Users\Aakarsh Yadav\appi..., reservationDuration: 240, takeScreenshots: true, test.type: Mobile, testName: mobile test 10/07/20 02:54 PM, udid: RQ30034UW3, useKeystore: false, waitForDeviceTimeout: 120000}
Session ID: e5478f4e-96eb-4b7f-99ba-5b50972badc0
*** Element info: {Using=xpath, value=//*[@resource-id='com.graymatrix.did:id/title' and @text='Channel Guide']}
	at sun.reflect.GeneratedConstructorAccessor49.newInstance(Unknown Source)
	at sun.reflect.DelegatingConstructorAccessorImpl.newInstance(DelegatingConstructorAccessorImpl.java:45)
	at java.lang.reflect.Constructor.newInstance(Constructor.java:422)
	at org.openqa.selenium.remote.ErrorHandler.createThrowable(ErrorHandler.java:214)
	at org.openqa.selenium.remote.ErrorHandler.throwIfResponseFailed(ErrorHandler.java:166)
	at org.openqa.selenium.remote.http.JsonHttpResponseCodec.reconstructValue(JsonHttpResponseCodec.java:40)
	at org.openqa.selenium.remote.http.AbstractHttpResponseCodec.decode(AbstractHttpResponseCodec.java:80)
	at org.openqa.selenium.remote.http.AbstractHttpResponseCodec.decode(AbstractHttpResponseCodec.java:44)
	at org.openqa.selenium.remote.HttpCommandExecutor.execute(HttpCommandExecutor.java:158)
	at io.appium.java_client.remote.AppiumCommandExecutor.execute(AppiumCommandExecutor.java:239)
	at org.openqa.selenium.remote.RemoteWebDriver.execute(RemoteWebDriver.java:552)
	at io.appium.java_client.DefaultGenericMobileDriver.execute(DefaultGenericMobileDriver.java:41)
	at io.appium.java_client.AppiumDriver.execute(AppiumDriver.java:1)
	at io.appium.java_client.android.AndroidDriver.execute(AndroidDriver.java:1)
	at org.openqa.selenium.remote.RemoteWebDriver.findElement(RemoteWebDriver.java:323)
	at io.appium.java_client.DefaultGenericMobileDriver.findElement(DefaultGenericMobileDriver.java:61)
	at io.appium.java_client.AppiumDriver.findElement(AppiumDriver.java:1)
	at io.appium.java_client.android.AndroidDriver.findElement(AndroidDriver.java:1)
	at org.openqa.selenium.remote.RemoteWebDriver.findElementByXPath(RemoteWebDriver.java:428)
	at io.appium.java_client.DefaultGenericMobileDriver.findElementByXPath(DefaultGenericMobileDriver.java:151)
	at io.appium.java_client.AppiumDriver.findElementByXPath(AppiumDriver.java:1)
	at io.appium.java_client.android.AndroidDriver.findElementByXPath(AndroidDriver.java:1)
	at org.openqa.selenium.By$ByXPath.findElement(By.java:353)
	at org.openqa.selenium.remote.RemoteWebDriver.findElement(RemoteWebDriver.java:315)
	at io.appium.java_client.DefaultGenericMobileDriver.findElement(DefaultGenericMobileDriver.java:57)
	at io.appium.java_client.AppiumDriver.findElement(AppiumDriver.java:1)
	at io.appium.java_client.android.AndroidDriver.findElement(AndroidDriver.java:1)
	at org.openqa.selenium.support.ui.ExpectedConditions$6.apply(ExpectedConditions.java:182)
	at org.openqa.selenium.support.ui.ExpectedConditions$6.apply(ExpectedConditions.java:179)
	at org.openqa.selenium.support.ui.FluentWait.until(FluentWait.java:249)
	... 27 more
]]>
            </full-stacktrace>
          </exception> <!-- org.openqa.selenium.TimeoutException -->
          <reporter-output>
          </reporter-output>
        </test-method> <!-- LiveTV_landingScreen -->
        <test-method status="FAIL" signature="ChannelGuide_LandingScreen(java.lang.String)[pri:9, instance:com.zee5.ApplicasterScripts.Android_LandingScreen_TopNavigation@2f4948e4]" name="ChannelGuide_LandingScreen" duration-ms="124946" started-at="2020-10-07T14:57:57Z" finished-at="2020-10-07T15:00:02Z">
          <params>
            <param index="0">
              <value>
                <![CDATA[NonSubscribedUser]]>
              </value>
            </param>
          </params>
          <exception class="org.openqa.selenium.TimeoutException">
            <message>
              <![CDATA[Expected condition failed: waiting for presence of element located by: By.xpath: //*[@resource-id='com.graymatrix.did:id/title' and @text='Channel Guide'] (tried for 30 second(s) with 500 milliseconds interval)]]>
            </message>
            <full-stacktrace>
              <![CDATA[org.openqa.selenium.TimeoutException: Expected condition failed: waiting for presence of element located by: By.xpath: //*[@resource-id='com.graymatrix.did:id/title' and @text='Channel Guide'] (tried for 30 second(s) with 500 milliseconds interval)
	at org.openqa.selenium.support.ui.WebDriverWait.timeoutException(WebDriverWait.java:95)
	at org.openqa.selenium.support.ui.FluentWait.until(FluentWait.java:272)
	at com.utility.Utilities.findElement(Utilities.java:134)
	at com.business.zee.Zee5ApplicasterBusinessLogic.channelGuideScreenValidation(Zee5ApplicasterBusinessLogic.java:6625)
	at com.zee5.ApplicasterScripts.Android_LandingScreen_TopNavigation.ChannelGuide_LandingScreen(Android_LandingScreen_TopNavigation.java:98)
	at sun.reflect.NativeMethodAccessorImpl.invoke0(Native Method)
	at sun.reflect.NativeMethodAccessorImpl.invoke(NativeMethodAccessorImpl.java:62)
	at sun.reflect.DelegatingMethodAccessorImpl.invoke(DelegatingMethodAccessorImpl.java:43)
	at java.lang.reflect.Method.invoke(Method.java:497)
	at org.testng.internal.MethodInvocationHelper.invokeMethod(MethodInvocationHelper.java:86)
	at org.testng.internal.Invoker.invokeMethod(Invoker.java:643)
	at org.testng.internal.Invoker.invokeTestMethod(Invoker.java:820)
	at org.testng.internal.Invoker.invokeTestMethods(Invoker.java:1128)
	at org.testng.internal.TestMethodWorker.invokeTestMethods(TestMethodWorker.java:129)
	at org.testng.internal.TestMethodWorker.run(TestMethodWorker.java:112)
	at org.testng.TestRunner.privateRun(TestRunner.java:782)
	at org.testng.TestRunner.run(TestRunner.java:632)
	at org.testng.SuiteRunner.runTest(SuiteRunner.java:366)
	at org.testng.SuiteRunner.runSequentially(SuiteRunner.java:361)
	at org.testng.SuiteRunner.privateRun(SuiteRunner.java:319)
	at org.testng.SuiteRunner.run(SuiteRunner.java:268)
	at org.testng.SuiteRunnerWorker.runSuite(SuiteRunnerWorker.java:52)
	at org.testng.SuiteRunnerWorker.run(SuiteRunnerWorker.java:86)
	at org.testng.TestNG.runSuitesSequentially(TestNG.java:1244)
	at org.testng.TestNG.runSuitesLocally(TestNG.java:1169)
	at org.testng.TestNG.run(TestNG.java:1064)
	at org.testng.remote.AbstractRemoteTestNG.run(AbstractRemoteTestNG.java:115)
	at org.testng.remote.RemoteTestNG.initAndRun(RemoteTestNG.java:251)
	at org.testng.remote.RemoteTestNG.main(RemoteTestNG.java:77)
Caused by: org.openqa.selenium.NoSuchElementException: no such element (An element could not be located on the page using the given search parameters (XPATH='//*[@resource-id='com.graymatrix.did:id/title' and @text='Channel Guide']'))  (WARNING: The server did not provide any stacktrace information)
Command duration or timeout: 0 milliseconds
For documentation on this error, please visit: https://www.seleniumhq.org/exceptions/no_such_element.html
Build info: version: '3.141.59', revision: 'e82be7d358', time: '2018-11-14T08:17:03'
System info: host: 'LAPTOP-L251IQDV', ip: '192.168.1.5', os.name: 'Windows 8.1', os.arch: 'amd64', os.version: '6.3', java.version: '1.8.0_45'
Driver info: io.appium.java_client.android.AndroidDriver
Capabilities {appActivity: com.applicaster.componentsa..., appBuildVersion: , appPackage: com.graymatrix.did, appReleaseVersion: , appiumVersion: 1.8.0, autoAcceptAlerts: true, autoDismissAlerts: false, autoGrantPermissions: false, autoWebview: false, automationName: uiautomator2, commandTimeouts: 120000, desired: {appActivity: com.applicaster.componentsa..., appPackage: com.graymatrix.did, autoAcceptAlerts: true, automationName: uiautomator2, deviceName: Android, fullReset: false, newCommandTimeout: 300, platformName: Android}, device.category: PHONE, device.majorVersion: 7, device.manufacture: Sony, device.model: F3116, device.name: sony-f3116-RQ30034UW3, device.os: Android, device.screenSize: 720x1280, device.serialNumber: RQ30034UW3, device.version: 7.0, deviceName: Android, deviceUDID: RQ30034UW3, dontGoHomeOnQuit: false, dontStopAppOnReset: false, fullReset: false, install.only.for.update: false, instrumentApp: false, javascriptEnabled: true, keystorePath: ~/.android/debug.keystore, locationServicesAuthorized: false, newCommandTimeout: 300, newSessionWaitTimeout: 600, noReset: false, platform: ANDROID, platformName: Android, projectName: , reportDirectory: reports, reportFormat: xml, reportUrl: C:\Users\Aakarsh Yadav\appi..., reservationDuration: 240, takeScreenshots: true, test.type: Mobile, testName: mobile test 10/07/20 02:54 PM, udid: RQ30034UW3, useKeystore: false, waitForDeviceTimeout: 120000}
Session ID: e5478f4e-96eb-4b7f-99ba-5b50972badc0
*** Element info: {Using=xpath, value=//*[@resource-id='com.graymatrix.did:id/title' and @text='Channel Guide']}
	at sun.reflect.GeneratedConstructorAccessor49.newInstance(Unknown Source)
	at sun.reflect.DelegatingConstructorAccessorImpl.newInstance(DelegatingConstructorAccessorImpl.java:45)
	at java.lang.reflect.Constructor.newInstance(Constructor.java:422)
	at org.openqa.selenium.remote.ErrorHandler.createThrowable(ErrorHandler.java:214)
	at org.openqa.selenium.remote.ErrorHandler.throwIfResponseFailed(ErrorHandler.java:166)
	at org.openqa.selenium.remote.http.JsonHttpResponseCodec.reconstructValue(JsonHttpResponseCodec.java:40)
	at org.openqa.selenium.remote.http.AbstractHttpResponseCodec.decode(AbstractHttpResponseCodec.java:80)
	at org.openqa.selenium.remote.http.AbstractHttpResponseCodec.decode(AbstractHttpResponseCodec.java:44)
	at org.openqa.selenium.remote.HttpCommandExecutor.execute(HttpCommandExecutor.java:158)
	at io.appium.java_client.remote.AppiumCommandExecutor.execute(AppiumCommandExecutor.java:239)
	at org.openqa.selenium.remote.RemoteWebDriver.execute(RemoteWebDriver.java:552)
	at io.appium.java_client.DefaultGenericMobileDriver.execute(DefaultGenericMobileDriver.java:41)
	at io.appium.java_client.AppiumDriver.execute(AppiumDriver.java:1)
	at io.appium.java_client.android.AndroidDriver.execute(AndroidDriver.java:1)
	at org.openqa.selenium.remote.RemoteWebDriver.findElement(RemoteWebDriver.java:323)
	at io.appium.java_client.DefaultGenericMobileDriver.findElement(DefaultGenericMobileDriver.java:61)
	at io.appium.java_client.AppiumDriver.findElement(AppiumDriver.java:1)
	at io.appium.java_client.android.AndroidDriver.findElement(AndroidDriver.java:1)
	at org.openqa.selenium.remote.RemoteWebDriver.findElementByXPath(RemoteWebDriver.java:428)
	at io.appium.java_client.DefaultGenericMobileDriver.findElementByXPath(DefaultGenericMobileDriver.java:151)
	at io.appium.java_client.AppiumDriver.findElementByXPath(AppiumDriver.java:1)
	at io.appium.java_client.android.AndroidDriver.findElementByXPath(AndroidDriver.java:1)
	at org.openqa.selenium.By$ByXPath.findElement(By.java:353)
	at org.openqa.selenium.remote.RemoteWebDriver.findElement(RemoteWebDriver.java:315)
	at io.appium.java_client.DefaultGenericMobileDriver.findElement(DefaultGenericMobileDriver.java:57)
	at io.appium.java_client.AppiumDriver.findElement(AppiumDriver.java:1)
	at io.appium.java_client.android.AndroidDriver.findElement(AndroidDriver.java:1)
	at org.openqa.selenium.support.ui.ExpectedConditions$6.apply(ExpectedConditions.java:182)
	at org.openqa.selenium.support.ui.ExpectedConditions$6.apply(ExpectedConditions.java:179)
	at org.openqa.selenium.support.ui.FluentWait.until(FluentWait.java:249)
	... 27 more
]]>
            </full-stacktrace>
          </exception> <!-- org.openqa.selenium.TimeoutException -->
          <reporter-output>
          </reporter-output>
        </test-method> <!-- ChannelGuide_LandingScreen -->
        <test-method status="FAIL" signature="Zee5Originals_LandingScreen(java.lang.String, java.lang.String)[pri:10, instance:com.zee5.ApplicasterScripts.Android_LandingScreen_TopNavigation@2f4948e4]" name="Zee5Originals_LandingScreen" duration-ms="66314" started-at="2020-10-07T15:00:02Z" finished-at="2020-10-07T15:01:09Z">
          <params>
            <param index="0">
              <value>
                <![CDATA[NonSubscribedUser]]>
              </value>
            </param>
            <param index="1">
              <value>
                <![CDATA[ZEE5 Originals]]>
              </value>
            </param>
          </params>
          <exception class="org.openqa.selenium.TimeoutException">
            <message>
              <![CDATA[Expected condition failed: waiting for presence of element located by: By.xpath: //*[@resource-id='com.graymatrix.did:id/title' and @selected='true'] (tried for 30 second(s) with 500 milliseconds interval)]]>
            </message>
            <full-stacktrace>
              <![CDATA[org.openqa.selenium.TimeoutException: Expected condition failed: waiting for presence of element located by: By.xpath: //*[@resource-id='com.graymatrix.did:id/title' and @selected='true'] (tried for 30 second(s) with 500 milliseconds interval)
	at org.openqa.selenium.support.ui.WebDriverWait.timeoutException(WebDriverWait.java:95)
	at org.openqa.selenium.support.ui.FluentWait.until(FluentWait.java:272)
	at com.utility.Utilities.findElement(Utilities.java:134)
	at com.utility.Utilities.getText(Utilities.java:359)
	at com.business.zee.Zee5ApplicasterBusinessLogic.zee5OriginalsLandingScreen(Zee5ApplicasterBusinessLogic.java:6744)
	at com.zee5.ApplicasterScripts.Android_LandingScreen_TopNavigation.Zee5Originals_LandingScreen(Android_LandingScreen_TopNavigation.java:105)
	at sun.reflect.NativeMethodAccessorImpl.invoke0(Native Method)
	at sun.reflect.NativeMethodAccessorImpl.invoke(NativeMethodAccessorImpl.java:62)
	at sun.reflect.DelegatingMethodAccessorImpl.invoke(DelegatingMethodAccessorImpl.java:43)
	at java.lang.reflect.Method.invoke(Method.java:497)
	at org.testng.internal.MethodInvocationHelper.invokeMethod(MethodInvocationHelper.java:86)
	at org.testng.internal.Invoker.invokeMethod(Invoker.java:643)
	at org.testng.internal.Invoker.invokeTestMethod(Invoker.java:820)
	at org.testng.internal.Invoker.invokeTestMethods(Invoker.java:1128)
	at org.testng.internal.TestMethodWorker.invokeTestMethods(TestMethodWorker.java:129)
	at org.testng.internal.TestMethodWorker.run(TestMethodWorker.java:112)
	at org.testng.TestRunner.privateRun(TestRunner.java:782)
	at org.testng.TestRunner.run(TestRunner.java:632)
	at org.testng.SuiteRunner.runTest(SuiteRunner.java:366)
	at org.testng.SuiteRunner.runSequentially(SuiteRunner.java:361)
	at org.testng.SuiteRunner.privateRun(SuiteRunner.java:319)
	at org.testng.SuiteRunner.run(SuiteRunner.java:268)
	at org.testng.SuiteRunnerWorker.runSuite(SuiteRunnerWorker.java:52)
	at org.testng.SuiteRunnerWorker.run(SuiteRunnerWorker.java:86)
	at org.testng.TestNG.runSuitesSequentially(TestNG.java:1244)
	at org.testng.TestNG.runSuitesLocally(TestNG.java:1169)
	at org.testng.TestNG.run(TestNG.java:1064)
	at org.testng.remote.AbstractRemoteTestNG.run(AbstractRemoteTestNG.java:115)
	at org.testng.remote.RemoteTestNG.initAndRun(RemoteTestNG.java:251)
	at org.testng.remote.RemoteTestNG.main(RemoteTestNG.java:77)
Caused by: org.openqa.selenium.NoSuchElementException: no such element (An element could not be located on the page using the given search parameters (XPATH='//*[@resource-id='com.graymatrix.did:id/title' and @selected='true']'))  (WARNING: The server did not provide any stacktrace information)
Command duration or timeout: 0 milliseconds
For documentation on this error, please visit: https://www.seleniumhq.org/exceptions/no_such_element.html
Build info: version: '3.141.59', revision: 'e82be7d358', time: '2018-11-14T08:17:03'
System info: host: 'LAPTOP-L251IQDV', ip: '192.168.1.5', os.name: 'Windows 8.1', os.arch: 'amd64', os.version: '6.3', java.version: '1.8.0_45'
Driver info: io.appium.java_client.android.AndroidDriver
Capabilities {appActivity: com.applicaster.componentsa..., appBuildVersion: , appPackage: com.graymatrix.did, appReleaseVersion: , appiumVersion: 1.8.0, autoAcceptAlerts: true, autoDismissAlerts: false, autoGrantPermissions: false, autoWebview: false, automationName: uiautomator2, commandTimeouts: 120000, desired: {appActivity: com.applicaster.componentsa..., appPackage: com.graymatrix.did, autoAcceptAlerts: true, automationName: uiautomator2, deviceName: Android, fullReset: false, newCommandTimeout: 300, platformName: Android}, device.category: PHONE, device.majorVersion: 7, device.manufacture: Sony, device.model: F3116, device.name: sony-f3116-RQ30034UW3, device.os: Android, device.screenSize: 720x1280, device.serialNumber: RQ30034UW3, device.version: 7.0, deviceName: Android, deviceUDID: RQ30034UW3, dontGoHomeOnQuit: false, dontStopAppOnReset: false, fullReset: false, install.only.for.update: false, instrumentApp: false, javascriptEnabled: true, keystorePath: ~/.android/debug.keystore, locationServicesAuthorized: false, newCommandTimeout: 300, newSessionWaitTimeout: 600, noReset: false, platform: ANDROID, platformName: Android, projectName: , reportDirectory: reports, reportFormat: xml, reportUrl: C:\Users\Aakarsh Yadav\appi..., reservationDuration: 240, takeScreenshots: true, test.type: Mobile, testName: mobile test 10/07/20 02:54 PM, udid: RQ30034UW3, useKeystore: false, waitForDeviceTimeout: 120000}
Session ID: e5478f4e-96eb-4b7f-99ba-5b50972badc0
*** Element info: {Using=xpath, value=//*[@resource-id='com.graymatrix.did:id/title' and @selected='true']}
	at sun.reflect.GeneratedConstructorAccessor49.newInstance(Unknown Source)
	at sun.reflect.DelegatingConstructorAccessorImpl.newInstance(DelegatingConstructorAccessorImpl.java:45)
	at java.lang.reflect.Constructor.newInstance(Constructor.java:422)
	at org.openqa.selenium.remote.ErrorHandler.createThrowable(ErrorHandler.java:214)
	at org.openqa.selenium.remote.ErrorHandler.throwIfResponseFailed(ErrorHandler.java:166)
	at org.openqa.selenium.remote.http.JsonHttpResponseCodec.reconstructValue(JsonHttpResponseCodec.java:40)
	at org.openqa.selenium.remote.http.AbstractHttpResponseCodec.decode(AbstractHttpResponseCodec.java:80)
	at org.openqa.selenium.remote.http.AbstractHttpResponseCodec.decode(AbstractHttpResponseCodec.java:44)
	at org.openqa.selenium.remote.HttpCommandExecutor.execute(HttpCommandExecutor.java:158)
	at io.appium.java_client.remote.AppiumCommandExecutor.execute(AppiumCommandExecutor.java:239)
	at org.openqa.selenium.remote.RemoteWebDriver.execute(RemoteWebDriver.java:552)
	at io.appium.java_client.DefaultGenericMobileDriver.execute(DefaultGenericMobileDriver.java:41)
	at io.appium.java_client.AppiumDriver.execute(AppiumDriver.java:1)
	at io.appium.java_client.android.AndroidDriver.execute(AndroidDriver.java:1)
	at org.openqa.selenium.remote.RemoteWebDriver.findElement(RemoteWebDriver.java:323)
	at io.appium.java_client.DefaultGenericMobileDriver.findElement(DefaultGenericMobileDriver.java:61)
	at io.appium.java_client.AppiumDriver.findElement(AppiumDriver.java:1)
	at io.appium.java_client.android.AndroidDriver.findElement(AndroidDriver.java:1)
	at org.openqa.selenium.remote.RemoteWebDriver.findElementByXPath(RemoteWebDriver.java:428)
	at io.appium.java_client.DefaultGenericMobileDriver.findElementByXPath(DefaultGenericMobileDriver.java:151)
	at io.appium.java_client.AppiumDriver.findElementByXPath(AppiumDriver.java:1)
	at io.appium.java_client.android.AndroidDriver.findElementByXPath(AndroidDriver.java:1)
	at org.openqa.selenium.By$ByXPath.findElement(By.java:353)
	at org.openqa.selenium.remote.RemoteWebDriver.findElement(RemoteWebDriver.java:315)
	at io.appium.java_client.DefaultGenericMobileDriver.findElement(DefaultGenericMobileDriver.java:57)
	at io.appium.java_client.AppiumDriver.findElement(AppiumDriver.java:1)
	at io.appium.java_client.android.AndroidDriver.findElement(AndroidDriver.java:1)
	at org.openqa.selenium.support.ui.ExpectedConditions$6.apply(ExpectedConditions.java:182)
	at org.openqa.selenium.support.ui.ExpectedConditions$6.apply(ExpectedConditions.java:179)
	at org.openqa.selenium.support.ui.FluentWait.until(FluentWait.java:249)
	... 28 more
]]>
            </full-stacktrace>
          </exception> <!-- org.openqa.selenium.TimeoutException -->
          <reporter-output>
          </reporter-output>
        </test-method> <!-- Zee5Originals_LandingScreen -->
        <test-method status="PASS" signature="tearDownApp()[pri:0, instance:com.zee5.ApplicasterScripts.Android_LandingScreen_TopNavigation@2f4948e4]" name="tearDownApp" is-config="true" duration-ms="10082" started-at="2020-10-07T15:01:09Z" finished-at="2020-10-07T15:01:19Z">
          <reporter-output>
          </reporter-output>
        </test-method> <!-- tearDownApp -->
      </class> <!-- com.zee5.ApplicasterScripts.Android_LandingScreen_TopNavigation -->
    </test> <!-- Android_LandingScreen_TopNavigation -->
  </suite> <!-- Android -->
</testng-results>
